<?xml version="1.0" encoding="windows-1251" standalone="no"?>
<!DOCTYPE log SYSTEM "logger.dtd">
<log>
<record>
  <date>2017-11-12T22:47:53</date>
  <millis>1510516073984</millis>
  <sequence>0</sequence>
  <logger>com.hotel.utils.ExLogger</logger>
  <level>INFO</level>
  <class>com.hotel.utils.ExLogger</class>
  <method>write</method>
  <thread>1</thread>
  <message>java.lang.IndexOutOfBoundsException: Index: 0, Size: 0</message>
</record>
</log>
<?xml version="1.0" encoding="windows-1251" standalone="no"?>
<!DOCTYPE log SYSTEM "logger.dtd">
<log>
<record>
  <date>2017-11-12T22:48:22</date>
  <millis>1510516102691</millis>
  <sequence>0</sequence>
  <logger>com.hotel.utils.ExLogger</logger>
  <level>INFO</level>
  <class>com.hotel.utils.ExLogger</class>
  <method>write</method>
  <thread>1</thread>
  <message>java.lang.IndexOutOfBoundsException: Index: 0, Size: 0</message>
</record>
</log>
<?xml version="1.0" encoding="windows-1251" standalone="no"?>
<!DOCTYPE log SYSTEM "logger.dtd">
<log>
<record>
  <date>2017-11-13T23:42:38</date>
  <millis>1510605758209</millis>
  <sequence>0</sequence>
  <logger>com.hotel.utils.ExLogger</logger>
  <level>INFO</level>
  <class>com.hotel.utils.ExLogger</class>
  <method>write</method>
  <thread>1</thread>
  <message>java.lang.IndexOutOfBoundsException: Index: 0, Size: 0</message>
</record>
<record>
  <date>2017-11-13T23:42:38</date>
  <millis>1510605758261</millis>
  <sequence>1</sequence>
  <logger>com.hotel.utils.ExLogger</logger>
  <level>INFO</level>
  <class>com.hotel.utils.ExLogger</class>
  <method>write</method>
  <thread>1</thread>
  <message>java.lang.IndexOutOfBoundsException: Index: 0, Size: 0</message>
</record>
</log>
<?xml version="1.0" encoding="windows-1251" standalone="no"?>
<!DOCTYPE log SYSTEM "logger.dtd">
<log>
<record>
  <date>2017-11-13T23:44:09</date>
  <millis>1510605849050</millis>
  <sequence>0</sequence>
  <logger>com.hotel.utils.ExLogger</logger>
  <level>INFO</level>
  <class>com.hotel.utils.ExLogger</class>
  <method>write</method>
  <thread>1</thread>
  <message>java.lang.IndexOutOfBoundsException: Index: 1, Size: 1</message>
</record>
</log>
