<?xml version="1.0" encoding="windows-1251" standalone="no"?>
<!DOCTYPE log SYSTEM "logger.dtd">
<log>
</log>
<?xml version="1.0" encoding="windows-1251" standalone="no"?>
<!DOCTYPE log SYSTEM "logger.dtd">
<log>
<record>
  <date>2017-11-21T00:47:10</date>
  <millis>1511214430264</millis>
  <sequence>0</sequence>
  <logger>Logger</logger>
  <level>SEVERE</level>
  <class>com.hotel.ui.menucontroller.MenuController</class>
  <method>run</method>
  <thread>1</thread>
  <message>Exception in class MenuController/in method run: </message>
  <param>???</param>
</record>
</log>
<?xml version="1.0" encoding="windows-1251" standalone="no"?>
<!DOCTYPE log SYSTEM "logger.dtd">
<log>
<record>
  <date>2017-11-21T00:47:28</date>
  <millis>1511214448384</millis>
  <sequence>0</sequence>
  <logger>Logger</logger>
  <level>SEVERE</level>
  <class>com.hotel.ui.menucontroller.MenuController</class>
  <method>run</method>
  <thread>1</thread>
  <message>Exception in class MenuController/in method run: </message>
  <param>???</param>
</record>
</log>
<?xml version="1.0" encoding="windows-1251" standalone="no"?>
<!DOCTYPE log SYSTEM "logger.dtd">
<log>
<record>
  <date>2017-11-21T00:48:26</date>
  <millis>1511214506939</millis>
  <sequence>0</sequence>
  <logger>Logger</logger>
  <level>SEVERE</level>
  <class>com.hotel.ui.menucontroller.MenuController</class>
  <method>run</method>
  <thread>1</thread>
  <message>Exception in class MenuController/in method run: </message>
  <param>???</param>
</record>
</log>
<?xml version="1.0" encoding="windows-1251" standalone="no"?>
<!DOCTYPE log SYSTEM "logger.dtd">
<log>
</log>
<?xml version="1.0" encoding="windows-1251" standalone="no"?>
<!DOCTYPE log SYSTEM "logger.dtd">
<log>
</log>
<?xml version="1.0" encoding="windows-1251" standalone="no"?>
<!DOCTYPE log SYSTEM "logger.dtd">
<log>
<record>
  <date>2017-11-21T01:18:14</date>
  <millis>1511216294918</millis>
  <sequence>0</sequence>
  <logger>Logger</logger>
  <level>SEVERE</level>
  <class>com.hotel.ui.menucontroller.MenuController</class>
  <method>run</method>
  <thread>1</thread>
  <message>Exception in class MenuController/in method run: </message>
  <param>No line found</param>
</record>
